
Starting:    C:\Microsemi\Libero_SoC_v12.1\SynplifyPro\bin64\mbin\synbatch.exe
Install:     C:\Microsemi\Libero_SoC_v12.1\SynplifyPro
Hostname:    PHOENIX136DESKY
Date:        Sat Mar 14 02:08:01 2020
Version:     N-2018.03M-SP1-1

Arguments:   -product synplify_pro -licensetype synplifypro_actel -batch -log synplify.log Spectrum_Analyzer_syn.tcl
ProductType: synplify_pro

License checkout: synplifypro_actel
License: synplifypro_actel node-locked 
Licensed Vendor: actel
License Option: actel_oem

Running in Vendor Mode

auto_infer_blackbox is not supported in current product.
log file: "C:\Users\Phoenix136\Dropbox\FPGA\Microsemi\Oscilloscope\synthesis\Spectrum_Analyzer.srr"
Running: synthesis in foreground

Running Spectrum_Analyzer_syn|synthesis

Running Flow: compile (Compile) on Spectrum_Analyzer_syn|synthesis
# Sat Mar 14 02:08:02 2020

Running Flow: compile_flow (Compile Process) on Spectrum_Analyzer_syn|synthesis
# Sat Mar 14 02:08:02 2020

Running: compiler (Compile Input) on Spectrum_Analyzer_syn|synthesis
# Sat Mar 14 02:08:02 2020
Copied C:\Users\Phoenix136\Dropbox\FPGA\Microsemi\Oscilloscope\synthesis\synwork\Spectrum_Analyzer_comp.srs to C:\Users\Phoenix136\Dropbox\FPGA\Microsemi\Oscilloscope\synthesis\Spectrum_Analyzer.srs

compiler completed
# Sat Mar 14 02:08:06 2020

Return Code: 0
Run Time:00h:00m:04s

Running: multi_srs_gen (Multi-srs Generator) on Spectrum_Analyzer_syn|synthesis
# Sat Mar 14 02:08:06 2020

multi_srs_gen completed
# Sat Mar 14 02:08:06 2020

Return Code: 0
Run Time:00h:00m:00s
Copied C:\Users\Phoenix136\Dropbox\FPGA\Microsemi\Oscilloscope\synthesis\synwork\Spectrum_Analyzer_mult.srs to C:\Users\Phoenix136\Dropbox\FPGA\Microsemi\Oscilloscope\synthesis\Spectrum_Analyzer.srs
Complete: Compile Process on Spectrum_Analyzer_syn|synthesis

Running: premap (Premap) on Spectrum_Analyzer_syn|synthesis
# Sat Mar 14 02:08:06 2020

premap completed with warnings
# Sat Mar 14 02:08:08 2020

Return Code: 1
Run Time:00h:00m:02s
Complete: Compile on Spectrum_Analyzer_syn|synthesis

Running Flow: map (Map) on Spectrum_Analyzer_syn|synthesis
# Sat Mar 14 02:08:08 2020
License granted for 4 parallel jobs

Running: fpga_mapper (Map & Optimize) on Spectrum_Analyzer_syn|synthesis
# Sat Mar 14 02:08:08 2020
Copied C:\Users\Phoenix136\Dropbox\FPGA\Microsemi\Oscilloscope\synthesis\synwork\Spectrum_Analyzer_m.srm to C:\Users\Phoenix136\Dropbox\FPGA\Microsemi\Oscilloscope\synthesis\Spectrum_Analyzer.srm

fpga_mapper completed with warnings
# Sat Mar 14 02:08:24 2020

Return Code: 1
Run Time:00h:00m:16s
Complete: Map on Spectrum_Analyzer_syn|synthesis
Complete: Logic Synthesis on Spectrum_Analyzer_syn|synthesis
TCL script complete: "Spectrum_Analyzer_syn.tcl"
exit status=0
exit status=0
License checkin: synplifypro_actel
