Resource Report
Microsemi Corporation - Microsemi Libero Software Release v12.1 (Version 12.600.0.14)
Date: Sat Mar 14 02:08:32 2020

Device Selection
+--------------------------------+----------------+
| Family                         | SmartFusion2   |
| Device                         | M2S010         |
| Package                        | 144 TQ         |
| Speed Grade                    | STD            |
| Temp                           | 0:25:85        |
| Voltage                        | 1.26:1.20:1.14 |
| Core Voltage                   | 1.2V           |
| Ramp Rate                      | 100ms Minimum  |
| System Controller Suspend Mode | No             |
| PLL Supply Voltage             | 2.5V           |
| Default I/O technology         | LVCMOS 2.5V    |
| Restrict Probe Pins            | Yes            |
| Restrict SPI Pins              | No             |
+--------------------------------+----------------+

Source Files
+---------+----------------------------------------------------------------------------------------+
| Topcell | Spectrum_Analyzer                                                                      |
| Format  | Verilog                                                                                |
| Source  | C:\Users\Phoenix136\Dropbox\FPGA\Microsemi\Oscilloscope\synthesis\Spectrum_Analyzer.vm |
+---------+----------------------------------------------------------------------------------------+

Options
+----------------------------------------------------+-------+
| Enable Single Event Transient mitigation           | false |
| Enable Design Separation Methodology               | false |
| Limit the number of high fanout nets to display to | 10    |
+----------------------------------------------------+-------+

Resource Usage
+---------------------------+------+-------+------------+
| Type                      | Used | Total | Percentage |
+---------------------------+------+-------+------------+
| 4LUT                      | 2607 | 12084 | 21.57      |
| DFF                       | 1554 | 12084 | 12.86      |
| I/O Register              | 0    | 252   | 0.00       |
| User I/O                  | 10   | 84    | 11.90      |
| -- Single-ended I/O       | 8    | 84    | 9.52       |
| -- Differential I/O Pairs | 1    | 37    | 2.70       |
| RAM64x18                  | 10   | 22    | 45.45      |
| RAM1K18                   | 4    | 21    | 19.05      |
| MACC                      | 3    | 22    | 13.64      |
| Chip Globals              | 7    | 8     | 87.50      |
| CCC                       | 1    | 2     | 50.00      |
| RCOSC_25_50MHZ            | 1    | 1     | 100.00     |
| RCOSC_1MHZ                | 0    | 1     | 0.00       |
| XTLOSC                    | 0    | 1     | 0.00       |
| MSS                       | 0    | 1     | 0.00       |
+---------------------------+------+-------+------------+

Detailed Logic Resource Usage
+--------------------------+------+------+
| Type                     | 4LUT | DFF  |
+--------------------------+------+------+
| Fabric Logic             | 1995 | 942  |
| RAM64x18 Interface Logic | 360  | 360  |
| RAM1K18 Interface Logic  | 144  | 144  |
| MACC Interface Logic     | 108  | 108  |
| Total Used               | 2607 | 1554 |
+--------------------------+------+------+

Detailed Carry Chains Resource Usage
+--------+------+
| Length | Used |
| 2      | 44   |
| 7      | 6    |
| 8      | 7    |
| 9      | 5    |
| 10     | 4    |
| 11     | 5    |
| 12     | 4    |
| 15     | 1    |
| 18     | 2    |
| 19     | 3    |
| Total  | 81   |
+--------+------+

Detailed MACC Resource Usage
+--------+------+
| Length | Used |
| 1      | 3    |
| Total  | 3    |
+--------+------+

I/O Function
+-------------------------------+--------------+-------------+-----------------+
| Type                          | w/o register | w/ register | w/ DDR register |
+-------------------------------+--------------+-------------+-----------------+
| Input I/O                     | 0            | 0           | 0               |
| Output I/O                    | 8            | 0           | 0               |
| Bidirectional I/O             | 0            | 0           | 0               |
| Differential Input I/O Pairs  | 1            | 0           | 0               |
| Differential Output I/O Pairs | 0            | 0           | 0               |
+-------------------------------+--------------+-------------+-----------------+

I/O Technology
+------------------------------+--------+--------+-------+--------+---------------+
| I/O Standard                 | Vddi   | Vref   | Input | Output | Bidirectional |
+------------------------------+--------+--------+-------+--------+---------------+
| LVCMOS25                     |  2.50v |  N/A   |  0    |  8     |  0            |
| SSTL2I (Input/Bidirectional) |  2.50v |  1.25v |  2    |  0     |  0            |
+------------------------------+--------+--------+-------+--------+---------------+

I/O Placement
+----------+-------+------------+
| Type     | Count | Percentage |
+----------+-------+------------+
| Locked   |  0    | 0.00%      |
| Placed   |  0    | 0.00%      |
| UnPlaced |  10   | 100.00%    |
+----------+-------+------------+

Nets assigned to chip global resources
+--------+---------+-----------------------------------------------------------------------------------------+
| Fanout | Type    | Name                                                                                    |
+--------+---------+-----------------------------------------------------------------------------------------+
| 959    | INT_NET | Net   : FCCC_C0_0_GL0                                                                   |
|        |         | Driver: FCCC_C0_0/FCCC_C0_0/GL0_INST/U0_RGB1                                            |
|        |         | Source: NETLIST                                                                         |
| 556    | INT_NET | Net   : Power_On_Reset_Delay_0_USER_FAB_RESET_OUT_N_i_i                                 |
|        |         | Driver: Power_On_Reset_Delay_0/USER_FAB_RESET_OUT_N_i_RNIBP39/U0_RGB1                   |
|        |         | Source: NETLIST                                                                         |
| 161    | INT_NET | Net   : Board_J7_c[3]                                                                   |
|        |         | Driver: COREABC_C0_0/COREABC_C0_0/RSTSYNC2_RNI49BF/U0_RGB1                              |
|        |         | Source: NETLIST                                                                         |
| 103    | INT_NET | Net   : FFT_Result_to_Pixel_Bar_0/comp_rstn_Z                                           |
|        |         | Driver: FFT_Result_to_Pixel_Bar_0/comp_rstn_RNI7BAB/U0_RGB1                             |
|        |         | Source: NETLIST                                                                         |
| 27     | INT_NET | Net   : Nokia5110_Driver_0/rstn_i_i                                                     |
|        |         | Driver: Nokia5110_Driver_0/Driver_reg_ctrl_RNIALOT_0[0]/U0_RGB1                         |
|        |         | Source: NETLIST                                                                         |
| 20     | INT_NET | Net   : Nokia5110_Driver_0/CLK_SPI_sig                                                  |
|        |         | Driver: Nokia5110_Driver_0/SPI_timer/timer_clock_out_sig_inferred_clock_RNIPHR7/U0_RGB1 |
|        |         | Source: NETLIST                                                                         |
| 15     | INT_NET | Net   : SYSRESET_0_POWER_ON_RESET_N                                                     |
|        |         | Driver: SYSRESET_0_RNIHNV1/U0_RGB1                                                      |
|        |         | Source: NETLIST                                                                         |
+--------+---------+-----------------------------------------------------------------------------------------+

Nets assigned to row global resources
+--------+------+------+
| Fanout | Type | Name |
+--------+------+------+
+--------+------+------+

High fanout nets
+--------+---------+---------------------------------------------------------------------------+
| Fanout | Type    | Name                                                                      |
+--------+---------+---------------------------------------------------------------------------+
| 68     | INT_NET | Net   : FFT_0/FFT_Transformer_0/un4_ram_stable_sig                        |
|        |         | Driver: FFT_0/FFT_Transformer_0/p_sub_DFT_BFly_manager.un4_ram_stable_sig |
| 65     | INT_NET | Net   : FFT_0/FFT_Transformer_0/twiddle_index[4]                          |
|        |         | Driver: FFT_0/FFT_Transformer_0/twiddle_index[4]                          |
| 62     | INT_NET | Net   : FFT_0/DPSRAM_3_assoc[1]                                           |
|        |         | Driver: FFT_0/DPSRAM_3_assoc[1]                                           |
| 62     | INT_NET | Net   : FFT_0/DPSRAM_0_assoc[1]                                           |
|        |         | Driver: FFT_0/DPSRAM_0_assoc[1]                                           |
| 62     | INT_NET | Net   : FFT_0/DPSRAM_1_assoc[1]                                           |
|        |         | Driver: FFT_0/DPSRAM_1_assoc[1]                                           |
| 62     | INT_NET | Net   : FFT_0/DPSRAM_2_assoc[1]                                           |
|        |         | Driver: FFT_0/DPSRAM_2_assoc[1]                                           |
| 59     | INT_NET | Net   : FFT_0/tf_comp_ram_returned_i                                      |
|        |         | Driver: FFT_0/FFT_Transformer_0/ram_dest                                  |
| 55     | INT_NET | Net   : FFT_0/DPSRAM_3_assoc[0]                                           |
|        |         | Driver: FFT_0/DPSRAM_3_assoc[0]                                           |
| 55     | INT_NET | Net   : FFT_0/DPSRAM_0_assoc[0]                                           |
|        |         | Driver: FFT_0/DPSRAM_0_assoc[0]                                           |
| 55     | INT_NET | Net   : FFT_0/DPSRAM_1_assoc[0]                                           |
|        |         | Driver: FFT_0/DPSRAM_1_assoc[0]                                           |
+--------+---------+---------------------------------------------------------------------------+

High fanout nets (through buffer trees)
+--------+---------+---------------------------------------------------------------------------+
| Fanout | Type    | Name                                                                      |
+--------+---------+---------------------------------------------------------------------------+
| 68     | INT_NET | Net   : FFT_0/FFT_Transformer_0/un4_ram_stable_sig                        |
|        |         | Driver: FFT_0/FFT_Transformer_0/p_sub_DFT_BFly_manager.un4_ram_stable_sig |
| 65     | INT_NET | Net   : FFT_0/FFT_Transformer_0/twiddle_index[4]                          |
|        |         | Driver: FFT_0/FFT_Transformer_0/twiddle_index[4]                          |
| 62     | INT_NET | Net   : FFT_0/DPSRAM_3_assoc[1]                                           |
|        |         | Driver: FFT_0/DPSRAM_3_assoc[1]                                           |
| 62     | INT_NET | Net   : FFT_0/DPSRAM_0_assoc[1]                                           |
|        |         | Driver: FFT_0/DPSRAM_0_assoc[1]                                           |
| 62     | INT_NET | Net   : FFT_0/DPSRAM_1_assoc[1]                                           |
|        |         | Driver: FFT_0/DPSRAM_1_assoc[1]                                           |
| 62     | INT_NET | Net   : FFT_0/DPSRAM_2_assoc[1]                                           |
|        |         | Driver: FFT_0/DPSRAM_2_assoc[1]                                           |
| 59     | INT_NET | Net   : FFT_0/tf_comp_ram_returned_i                                      |
|        |         | Driver: FFT_0/FFT_Transformer_0/ram_dest                                  |
| 55     | INT_NET | Net   : FFT_0/DPSRAM_3_assoc[0]                                           |
|        |         | Driver: FFT_0/DPSRAM_3_assoc[0]                                           |
| 55     | INT_NET | Net   : FFT_0/DPSRAM_0_assoc[0]                                           |
|        |         | Driver: FFT_0/DPSRAM_0_assoc[0]                                           |
| 55     | INT_NET | Net   : FFT_0/DPSRAM_1_assoc[0]                                           |
|        |         | Driver: FFT_0/DPSRAM_1_assoc[0]                                           |
+--------+---------+---------------------------------------------------------------------------+

