Analysis

---------------------------------------------

Programming Errors

None

---------------------------------------------

Instructions Used

AND, APBREAD, APBWRT, APBWRT ACC, APBWRT DAT, BITTST, CMP, DEF, HALT, INC, JUMP, LOAD, OR, RAMREAD, RAMWRT, RAMWRT ACC, RAMWRT DAT, RETISR, XOR

---------------------------------------------

Constraints

   Accumulator operated on with 247 so 'Data Bus Width' >= 8.
   Maximum APB slot used is 1 so 'Number of APB Slots' >= 2.
   Maximum APB address used 20 so 'APB Slot Size' >= 32 locations
   Maximum program counter is 58 so 'Maximum Number of Instructions' >= 64.
   Z register not used so 'Z Register size' may be set to disabled.
   'INPUTn' not used so 'Number of I/O Flags' >= 0.
   'IOWRT' not used so 'Number of I/O Outputs' >= 0.
   Uses stack ('CALL', 'RETURN', 'RETISR', 'PUSH' or 'POP'), 'RAMREAD' or 'RAMWRT' so requires 'Internal Data/Stack Memory'.
   Uses stack - please ensure 'Stack Size' is sufficient.
   Uses 'RETISR' - please ensure that 'ISR Address' is set.

---------------------------------------------

Instruction Store Details

   Width of instructions is Data+Addr+Slots+6 = 8+8+1+6 = 23 bits

---------------------------------------------

Labels

Address 4:$DO_COLUMN
Address 27:$DONE_WITH_SMPL_BLOCK
Address 33:$MAIN
Address 39:$clear_lcd
Address 49:$WRT_Y_ADDDR
Address 51:$WRT_X_ADDR
Address 54:$Halt_Stuff

---------------------------------------------

Symbols

Line 56:FFT_ADR=0x0
Line 58:FFT_CTRL=0x0
Line 59:FFT_SMPL_ADR=0x1
Line 60:FFT_SMPL_MAG=0x10
Line 61:FFT_SMPL_PB0=0x11
Line 62:FFT_SMPL_PB1=0x12
Line 63:FFT_SMPL_PB2=0x13
Line 64:FFT_SMPL_PB3=0x14
Line 66:FFT_DAT_DONE_MASK=0x1
Line 67:FFT_DAT_DONE_POS=0x0
Line 68:FFT_DAT_VAL_MASK=0x2
Line 69:FFT_DAT_VAL_POS=0x2
Line 70:FFT_INT_MASK=0x80
Line 71:FFT_INT_POS=0x7
Line 75:LCD_ADR=0x1
Line 77:LCD_ctrl_ADDR=0x0
Line 78:LCD_pixels_data_ADDR=0x10
Line 79:LCD_pixels_X_ADDR=0x11
Line 80:LCD_pixels_Y_ADDR=0x12
Line 85:RAM_X_pos=0x2

---------------------------------------------
